{"C:\\Users\\esteb\\OneDrive\\Documentos\\minesweeper-ey\\src\\components\\Cell\\Cell.jsx": {"path":"C:\\Users\\esteb\\OneDrive\\Documentos\\minesweeper-ey\\src\\components\\Cell\\Cell.jsx","statementMap":{"0":{"start":{"line":6,"column":20},"end":{"line":33,"column":1}},"1":{"start":{"line":7,"column":14},"end":{"line":7,"column":27}},"2":{"start":{"line":8,"column":2},"end":{"line":10,"column":3}},"3":{"start":{"line":9,"column":4},"end":{"line":9,"column":26}},"4":{"start":{"line":11,"column":2},"end":{"line":13,"column":3}},"5":{"start":{"line":12,"column":4},"end":{"line":12,"column":24}},"6":{"start":{"line":15,"column":2},"end":{"line":15,"column":24}},"7":{"start":{"line":16,"column":23},"end":{"line":26,"column":3}},"8":{"start":{"line":17,"column":4},"end":{"line":17,"column":22}},"9":{"start":{"line":18,"column":4},"end":{"line":18,"column":144}},"10":{"start":{"line":18,"column":69},"end":{"line":18,"column":144}},"11":{"start":{"line":19,"column":4},"end":{"line":25,"column":5}},"12":{"start":{"line":20,"column":6},"end":{"line":24,"column":7}},"13":{"start":{"line":21,"column":8},"end":{"line":21,"column":79}},"14":{"start":{"line":22,"column":13},"end":{"line":24,"column":7}},"15":{"start":{"line":23,"column":8},"end":{"line":23,"column":81}},"16":{"start":{"line":28,"column":2},"end":{"line":32,"column":3}},"17":{"start":{"line":29,"column":145},"end":{"line":29,"column":160}},"18":{"start":{"line":35,"column":0},"end":{"line":38,"column":1}}},"fnMap":{"0":{"name":"(anonymous_0)","decl":{"start":{"line":6,"column":20},"end":{"line":6,"column":21}},"loc":{"start":{"line":6,"column":49},"end":{"line":33,"column":1}},"line":6},"1":{"name":"(anonymous_1)","decl":{"start":{"line":16,"column":23},"end":{"line":16,"column":24}},"loc":{"start":{"line":16,"column":28},"end":{"line":26,"column":3}},"line":16},"2":{"name":"(anonymous_2)","decl":{"start":{"line":29,"column":140},"end":{"line":29,"column":141}},"loc":{"start":{"line":29,"column":145},"end":{"line":29,"column":160}},"line":29}},"branchMap":{"0":{"loc":{"start":{"line":8,"column":2},"end":{"line":10,"column":3}},"type":"if","locations":[{"start":{"line":8,"column":2},"end":{"line":10,"column":3}},{"start":{},"end":{}}],"line":8},"1":{"loc":{"start":{"line":11,"column":2},"end":{"line":13,"column":3}},"type":"if","locations":[{"start":{"line":11,"column":2},"end":{"line":13,"column":3}},{"start":{},"end":{}}],"line":11},"2":{"loc":{"start":{"line":18,"column":4},"end":{"line":18,"column":144}},"type":"if","locations":[{"start":{"line":18,"column":4},"end":{"line":18,"column":144}},{"start":{},"end":{}}],"line":18},"3":{"loc":{"start":{"line":18,"column":8},"end":{"line":18,"column":67}},"type":"binary-expr","locations":[{"start":{"line":18,"column":8},"end":{"line":18,"column":26}},{"start":{"line":18,"column":30},"end":{"line":18,"column":67}}],"line":18},"4":{"loc":{"start":{"line":19,"column":4},"end":{"line":25,"column":5}},"type":"if","locations":[{"start":{"line":19,"column":4},"end":{"line":25,"column":5}},{"start":{},"end":{}}],"line":19},"5":{"loc":{"start":{"line":20,"column":6},"end":{"line":24,"column":7}},"type":"if","locations":[{"start":{"line":20,"column":6},"end":{"line":24,"column":7}},{"start":{"line":22,"column":13},"end":{"line":24,"column":7}}],"line":20},"6":{"loc":{"start":{"line":22,"column":13},"end":{"line":24,"column":7}},"type":"if","locations":[{"start":{"line":22,"column":13},"end":{"line":24,"column":7}},{"start":{},"end":{}}],"line":22}},"s":{"0":1,"1":0,"2":0,"3":0,"4":0,"5":0,"6":0,"7":0,"8":0,"9":0,"10":0,"11":0,"12":0,"13":0,"14":0,"15":0,"16":0,"17":0,"18":1},"f":{"0":0,"1":0,"2":0},"b":{"0":[0,0],"1":[0,0],"2":[0,0],"3":[0,0],"4":[0,0],"5":[0,0],"6":[0,0]},"_coverageSchema":"1a1c01bbd47fc00a2c39e90264f33305004495a9","hash":"f933e20b8c398d750254ab1651a8bddfd622188d"}
,"C:\\Users\\esteb\\OneDrive\\Documentos\\minesweeper-ey\\src\\components\\CellContent\\CellContent.jsx": {"path":"C:\\Users\\esteb\\OneDrive\\Documentos\\minesweeper-ey\\src\\components\\CellContent\\CellContent.jsx","statementMap":{"0":{"start":{"line":5,"column":20},"end":{"line":16,"column":1}},"1":{"start":{"line":6,"column":2},"end":{"line":6,"column":51}},"2":{"start":{"line":6,"column":45},"end":{"line":6,"column":51}},"3":{"start":{"line":7,"column":2},"end":{"line":7,"column":80}},"4":{"start":{"line":7,"column":69},"end":{"line":7,"column":80}},"5":{"start":{"line":8,"column":2},"end":{"line":8,"column":60}},"6":{"start":{"line":8,"column":46},"end":{"line":8,"column":60}},"7":{"start":{"line":9,"column":2},"end":{"line":15,"column":3}},"8":{"start":{"line":10,"column":20},"end":{"line":10,"column":38}},"9":{"start":{"line":11,"column":4},"end":{"line":11,"column":62}},"10":{"start":{"line":11,"column":35},"end":{"line":11,"column":62}},"11":{"start":{"line":12,"column":4},"end":{"line":12,"column":64}},"12":{"start":{"line":12,"column":35},"end":{"line":12,"column":64}},"13":{"start":{"line":13,"column":4},"end":{"line":13,"column":60}},"14":{"start":{"line":13,"column":34},"end":{"line":13,"column":60}},"15":{"start":{"line":14,"column":4},"end":{"line":14,"column":85}},"16":{"start":{"line":18,"column":0},"end":{"line":20,"column":1}}},"fnMap":{"0":{"name":"(anonymous_0)","decl":{"start":{"line":5,"column":20},"end":{"line":5,"column":21}},"loc":{"start":{"line":5,"column":39},"end":{"line":16,"column":1}},"line":5}},"branchMap":{"0":{"loc":{"start":{"line":6,"column":2},"end":{"line":6,"column":51}},"type":"if","locations":[{"start":{"line":6,"column":2},"end":{"line":6,"column":51}},{"start":{},"end":{}}],"line":6},"1":{"loc":{"start":{"line":7,"column":2},"end":{"line":7,"column":80}},"type":"if","locations":[{"start":{"line":7,"column":2},"end":{"line":7,"column":80}},{"start":{},"end":{}}],"line":7},"2":{"loc":{"start":{"line":7,"column":6},"end":{"line":7,"column":67}},"type":"binary-expr","locations":[{"start":{"line":7,"column":6},"end":{"line":7,"column":22}},{"start":{"line":7,"column":26},"end":{"line":7,"column":67}}],"line":7},"3":{"loc":{"start":{"line":8,"column":2},"end":{"line":8,"column":60}},"type":"if","locations":[{"start":{"line":8,"column":2},"end":{"line":8,"column":60}},{"start":{},"end":{}}],"line":8},"4":{"loc":{"start":{"line":9,"column":2},"end":{"line":15,"column":3}},"type":"if","locations":[{"start":{"line":9,"column":2},"end":{"line":15,"column":3}},{"start":{},"end":{}}],"line":9},"5":{"loc":{"start":{"line":11,"column":4},"end":{"line":11,"column":62}},"type":"if","locations":[{"start":{"line":11,"column":4},"end":{"line":11,"column":62}},{"start":{},"end":{}}],"line":11},"6":{"loc":{"start":{"line":12,"column":4},"end":{"line":12,"column":64}},"type":"if","locations":[{"start":{"line":12,"column":4},"end":{"line":12,"column":64}},{"start":{},"end":{}}],"line":12},"7":{"loc":{"start":{"line":13,"column":4},"end":{"line":13,"column":60}},"type":"if","locations":[{"start":{"line":13,"column":4},"end":{"line":13,"column":60}},{"start":{},"end":{}}],"line":13}},"s":{"0":1,"1":0,"2":0,"3":0,"4":0,"5":0,"6":0,"7":0,"8":0,"9":0,"10":0,"11":0,"12":0,"13":0,"14":0,"15":0,"16":1},"f":{"0":0},"b":{"0":[0,0],"1":[0,0],"2":[0,0],"3":[0,0],"4":[0,0],"5":[0,0],"6":[0,0],"7":[0,0]},"_coverageSchema":"1a1c01bbd47fc00a2c39e90264f33305004495a9","hash":"15bf392f8732aba64095d6c94fafd27dfc3cd8dc"}
,"C:\\Users\\esteb\\OneDrive\\Documentos\\minesweeper-ey\\src\\components\\RestartGameButton\\RestartGameButton.jsx": {"path":"C:\\Users\\esteb\\OneDrive\\Documentos\\minesweeper-ey\\src\\components\\RestartGameButton\\RestartGameButton.jsx","statementMap":{"0":{"start":{"line":4,"column":26},"end":{"line":8,"column":1}},"1":{"start":{"line":5,"column":2},"end":{"line":7,"column":3}},"2":{"start":{"line":6,"column":24},"end":{"line":6,"column":53}},"3":{"start":{"line":10,"column":0},"end":{"line":12,"column":1}}},"fnMap":{"0":{"name":"(anonymous_0)","decl":{"start":{"line":4,"column":26},"end":{"line":4,"column":27}},"loc":{"start":{"line":4,"column":44},"end":{"line":8,"column":1}},"line":4},"1":{"name":"(anonymous_1)","decl":{"start":{"line":6,"column":18},"end":{"line":6,"column":19}},"loc":{"start":{"line":6,"column":24},"end":{"line":6,"column":53}},"line":6}},"branchMap":{},"s":{"0":1,"1":1,"2":0,"3":1},"f":{"0":1,"1":0},"b":{},"_coverageSchema":"1a1c01bbd47fc00a2c39e90264f33305004495a9","hash":"e905c1a2fa99fb35ab913b23a03d10289242eb39"}
,"C:\\Users\\esteb\\OneDrive\\Documentos\\minesweeper-ey\\src\\reducers\\gameState.js": {"path":"C:\\Users\\esteb\\OneDrive\\Documentos\\minesweeper-ey\\src\\reducers\\gameState.js","statementMap":{"0":{"start":{"line":3,"column":25},"end":{"line":7,"column":1}},"1":{"start":{"line":9,"column":20},"end":{"line":15,"column":1}},"2":{"start":{"line":10,"column":16},"end":{"line":10,"column":18}},"3":{"start":{"line":11,"column":2},"end":{"line":13,"column":3}},"4":{"start":{"line":11,"column":15},"end":{"line":11,"column":16}},"5":{"start":{"line":12,"column":4},"end":{"line":12,"column":31}},"6":{"start":{"line":14,"column":2},"end":{"line":14,"column":14}},"7":{"start":{"line":17,"column":31},"end":{"line":27,"column":1}},"8":{"start":{"line":18,"column":15},"end":{"line":18,"column":33}},"9":{"start":{"line":19,"column":15},"end":{"line":19,"column":46}},"10":{"start":{"line":20,"column":15},"end":{"line":20,"column":33}},"11":{"start":{"line":21,"column":15},"end":{"line":21,"column":46}},"12":{"start":{"line":22,"column":2},"end":{"line":26,"column":3}},"13":{"start":{"line":22,"column":15},"end":{"line":22,"column":19}},"14":{"start":{"line":23,"column":4},"end":{"line":25,"column":5}},"15":{"start":{"line":23,"column":17},"end":{"line":23,"column":21}},"16":{"start":{"line":24,"column":6},"end":{"line":24,"column":67}},"17":{"start":{"line":29,"column":30},"end":{"line":39,"column":1}},"18":{"start":{"line":30,"column":2},"end":{"line":30,"column":66}},"19":{"start":{"line":30,"column":60},"end":{"line":30,"column":66}},"20":{"start":{"line":31,"column":2},"end":{"line":31,"column":59}},"21":{"start":{"line":31,"column":53},"end":{"line":31,"column":59}},"22":{"start":{"line":32,"column":2},"end":{"line":32,"column":49}},"23":{"start":{"line":33,"column":2},"end":{"line":33,"column":47}},"24":{"start":{"line":33,"column":41},"end":{"line":33,"column":47}},"25":{"start":{"line":34,"column":2},"end":{"line":38,"column":3}},"26":{"start":{"line":34,"column":16},"end":{"line":34,"column":21}},"27":{"start":{"line":35,"column":4},"end":{"line":37,"column":5}},"28":{"start":{"line":35,"column":18},"end":{"line":35,"column":23}},"29":{"start":{"line":36,"column":6},"end":{"line":36,"column":42}},"30":{"start":{"line":41,"column":22},"end":{"line":52,"column":1}},"31":{"start":{"line":42,"column":19},"end":{"line":42,"column":21}},"32":{"start":{"line":43,"column":18},"end":{"line":43,"column":19}},"33":{"start":{"line":44,"column":2},"end":{"line":50,"column":3}},"34":{"start":{"line":45,"column":14},"end":{"line":45,"column":44}},"35":{"start":{"line":46,"column":14},"end":{"line":46,"column":44}},"36":{"start":{"line":47,"column":4},"end":{"line":47,"column":71}},"37":{"start":{"line":47,"column":32},"end":{"line":47,"column":60}},"38":{"start":{"line":47,"column":63},"end":{"line":47,"column":71}},"39":{"start":{"line":48,"column":4},"end":{"line":48,"column":27}},"40":{"start":{"line":49,"column":4},"end":{"line":49,"column":15}},"41":{"start":{"line":51,"column":2},"end":{"line":51,"column":17}},"42":{"start":{"line":54,"column":17},"end":{"line":59,"column":1}},"43":{"start":{"line":55,"column":2},"end":{"line":58,"column":4}},"44":{"start":{"line":56,"column":4},"end":{"line":56,"column":45}},"45":{"start":{"line":57,"column":4},"end":{"line":57,"column":49}},"46":{"start":{"line":61,"column":31},"end":{"line":72,"column":1}},"47":{"start":{"line":62,"column":16},"end":{"line":62,"column":33}},"48":{"start":{"line":63,"column":2},"end":{"line":67,"column":3}},"49":{"start":{"line":63,"column":15},"end":{"line":63,"column":16}},"50":{"start":{"line":64,"column":4},"end":{"line":66,"column":5}},"51":{"start":{"line":64,"column":17},"end":{"line":64,"column":18}},"52":{"start":{"line":65,"column":6},"end":{"line":65,"column":89}},"53":{"start":{"line":68,"column":16},"end":{"line":68,"column":52}},"54":{"start":{"line":69,"column":19},"end":{"line":69,"column":34}},"55":{"start":{"line":70,"column":2},"end":{"line":70,"column":27}},"56":{"start":{"line":71,"column":2},"end":{"line":71,"column":14}},"57":{"start":{"line":74,"column":26},"end":{"line":79,"column":1}},"58":{"start":{"line":81,"column":23},"end":{"line":108,"column":1}},"59":{"start":{"line":82,"column":2},"end":{"line":82,"column":71}},"60":{"start":{"line":82,"column":59},"end":{"line":82,"column":71}},"61":{"start":{"line":83,"column":17},"end":{"line":83,"column":29}},"62":{"start":{"line":84,"column":2},"end":{"line":106,"column":3}},"63":{"start":{"line":86,"column":23},"end":{"line":86,"column":37}},"64":{"start":{"line":87,"column":6},"end":{"line":87,"column":40}},"65":{"start":{"line":88,"column":6},"end":{"line":88,"column":83}},"66":{"start":{"line":89,"column":6},"end":{"line":89,"column":34}},"67":{"start":{"line":90,"column":6},"end":{"line":90,"column":11}},"68":{"start":{"line":93,"column":23},"end":{"line":93,"column":37}},"69":{"start":{"line":94,"column":6},"end":{"line":94,"column":80}},"70":{"start":{"line":95,"column":6},"end":{"line":95,"column":11}},"71":{"start":{"line":98,"column":6},"end":{"line":98,"column":54}},"72":{"start":{"line":99,"column":6},"end":{"line":99,"column":11}},"73":{"start":{"line":102,"column":23},"end":{"line":102,"column":37}},"74":{"start":{"line":103,"column":6},"end":{"line":103,"column":79}},"75":{"start":{"line":104,"column":6},"end":{"line":104,"column":11}},"76":{"start":{"line":107,"column":2},"end":{"line":107,"column":17}},"77":{"start":{"line":110,"column":22},"end":{"line":114,"column":1}},"78":{"start":{"line":111,"column":2},"end":{"line":113,"column":4}},"79":{"start":{"line":112,"column":4},"end":{"line":112,"column":55}},"80":{"start":{"line":112,"column":21},"end":{"line":112,"column":55}},"81":{"start":{"line":116,"column":27},"end":{"line":126,"column":1}},"82":{"start":{"line":117,"column":2},"end":{"line":117,"column":25}},"83":{"start":{"line":118,"column":2},"end":{"line":125,"column":4}},"84":{"start":{"line":119,"column":4},"end":{"line":124,"column":5}},"85":{"start":{"line":120,"column":6},"end":{"line":120,"column":30}},"86":{"start":{"line":121,"column":6},"end":{"line":121,"column":30}},"87":{"start":{"line":122,"column":11},"end":{"line":124,"column":5}},"88":{"start":{"line":123,"column":6},"end":{"line":123,"column":33}},"89":{"start":{"line":128,"column":30},"end":{"line":130,"column":1}},"90":{"start":{"line":129,"column":2},"end":{"line":129,"column":58}}},"fnMap":{"0":{"name":"(anonymous_0)","decl":{"start":{"line":9,"column":20},"end":{"line":9,"column":21}},"loc":{"start":{"line":9,"column":30},"end":{"line":15,"column":1}},"line":9},"1":{"name":"(anonymous_1)","decl":{"start":{"line":17,"column":31},"end":{"line":17,"column":32}},"loc":{"start":{"line":17,"column":48},"end":{"line":27,"column":1}},"line":17},"2":{"name":"(anonymous_2)","decl":{"start":{"line":29,"column":30},"end":{"line":29,"column":31}},"loc":{"start":{"line":29,"column":47},"end":{"line":39,"column":1}},"line":29},"3":{"name":"(anonymous_3)","decl":{"start":{"line":41,"column":22},"end":{"line":41,"column":23}},"loc":{"start":{"line":41,"column":33},"end":{"line":52,"column":1}},"line":41},"4":{"name":"(anonymous_4)","decl":{"start":{"line":47,"column":22},"end":{"line":47,"column":23}},"loc":{"start":{"line":47,"column":32},"end":{"line":47,"column":60}},"line":47},"5":{"name":"(anonymous_5)","decl":{"start":{"line":54,"column":17},"end":{"line":54,"column":18}},"loc":{"start":{"line":54,"column":38},"end":{"line":59,"column":1}},"line":54},"6":{"name":"(anonymous_6)","decl":{"start":{"line":55,"column":19},"end":{"line":55,"column":20}},"loc":{"start":{"line":55,"column":27},"end":{"line":58,"column":3}},"line":55},"7":{"name":"(anonymous_7)","decl":{"start":{"line":61,"column":31},"end":{"line":61,"column":32}},"loc":{"start":{"line":61,"column":41},"end":{"line":72,"column":1}},"line":61},"8":{"name":"(anonymous_8)","decl":{"start":{"line":81,"column":23},"end":{"line":81,"column":24}},"loc":{"start":{"line":81,"column":42},"end":{"line":108,"column":1}},"line":81},"9":{"name":"(anonymous_9)","decl":{"start":{"line":110,"column":22},"end":{"line":110,"column":23}},"loc":{"start":{"line":110,"column":37},"end":{"line":114,"column":1}},"line":110},"10":{"name":"(anonymous_10)","decl":{"start":{"line":111,"column":33},"end":{"line":111,"column":34}},"loc":{"start":{"line":111,"column":41},"end":{"line":113,"column":3}},"line":111},"11":{"name":"(anonymous_11)","decl":{"start":{"line":116,"column":27},"end":{"line":116,"column":28}},"loc":{"start":{"line":116,"column":42},"end":{"line":126,"column":1}},"line":116},"12":{"name":"(anonymous_12)","decl":{"start":{"line":118,"column":33},"end":{"line":118,"column":34}},"loc":{"start":{"line":118,"column":41},"end":{"line":125,"column":3}},"line":118},"13":{"name":"(anonymous_13)","decl":{"start":{"line":128,"column":30},"end":{"line":128,"column":31}},"loc":{"start":{"line":128,"column":40},"end":{"line":130,"column":1}},"line":128}},"branchMap":{"0":{"loc":{"start":{"line":30,"column":2},"end":{"line":30,"column":66}},"type":"if","locations":[{"start":{"line":30,"column":2},"end":{"line":30,"column":66}},{"start":{},"end":{}}],"line":30},"1":{"loc":{"start":{"line":30,"column":6},"end":{"line":30,"column":58}},"type":"binary-expr","locations":[{"start":{"line":30,"column":6},"end":{"line":30,"column":11}},{"start":{"line":30,"column":15},"end":{"line":30,"column":20}},{"start":{"line":30,"column":24},"end":{"line":30,"column":39}},{"start":{"line":30,"column":43},"end":{"line":30,"column":58}}],"line":30},"2":{"loc":{"start":{"line":31,"column":2},"end":{"line":31,"column":59}},"type":"if","locations":[{"start":{"line":31,"column":2},"end":{"line":31,"column":59}},{"start":{},"end":{}}],"line":31},"3":{"loc":{"start":{"line":33,"column":2},"end":{"line":33,"column":47}},"type":"if","locations":[{"start":{"line":33,"column":2},"end":{"line":33,"column":47}},{"start":{},"end":{}}],"line":33},"4":{"loc":{"start":{"line":47,"column":4},"end":{"line":47,"column":71}},"type":"if","locations":[{"start":{"line":47,"column":4},"end":{"line":47,"column":71}},{"start":{},"end":{}}],"line":47},"5":{"loc":{"start":{"line":47,"column":32},"end":{"line":47,"column":60}},"type":"binary-expr","locations":[{"start":{"line":47,"column":32},"end":{"line":47,"column":44}},{"start":{"line":47,"column":48},"end":{"line":47,"column":60}}],"line":47},"6":{"loc":{"start":{"line":82,"column":2},"end":{"line":82,"column":71}},"type":"if","locations":[{"start":{"line":82,"column":2},"end":{"line":82,"column":71}},{"start":{},"end":{}}],"line":82},"7":{"loc":{"start":{"line":82,"column":6},"end":{"line":82,"column":57}},"type":"binary-expr","locations":[{"start":{"line":82,"column":6},"end":{"line":82,"column":31}},{"start":{"line":82,"column":35},"end":{"line":82,"column":57}}],"line":82},"8":{"loc":{"start":{"line":84,"column":2},"end":{"line":106,"column":3}},"type":"switch","locations":[{"start":{"line":85,"column":4},"end":{"line":91,"column":5}},{"start":{"line":92,"column":4},"end":{"line":96,"column":5}},{"start":{"line":97,"column":4},"end":{"line":100,"column":5}},{"start":{"line":101,"column":4},"end":{"line":105,"column":5}}],"line":84},"9":{"loc":{"start":{"line":112,"column":4},"end":{"line":112,"column":55}},"type":"if","locations":[{"start":{"line":112,"column":4},"end":{"line":112,"column":55}},{"start":{},"end":{}}],"line":112},"10":{"loc":{"start":{"line":119,"column":4},"end":{"line":124,"column":5}},"type":"if","locations":[{"start":{"line":119,"column":4},"end":{"line":124,"column":5}},{"start":{"line":122,"column":11},"end":{"line":124,"column":5}}],"line":119},"11":{"loc":{"start":{"line":119,"column":8},"end":{"line":119,"column":59}},"type":"binary-expr","locations":[{"start":{"line":119,"column":8},"end":{"line":119,"column":44}},{"start":{"line":119,"column":48},"end":{"line":119,"column":59}}],"line":119},"12":{"loc":{"start":{"line":122,"column":11},"end":{"line":124,"column":5}},"type":"if","locations":[{"start":{"line":122,"column":11},"end":{"line":124,"column":5}},{"start":{},"end":{}}],"line":122},"13":{"loc":{"start":{"line":122,"column":15},"end":{"line":122,"column":93}},"type":"binary-expr","locations":[{"start":{"line":122,"column":15},"end":{"line":122,"column":41}},{"start":{"line":122,"column":45},"end":{"line":122,"column":77}},{"start":{"line":122,"column":81},"end":{"line":122,"column":93}}],"line":122}},"s":{"0":1,"1":1,"2":0,"3":0,"4":0,"5":0,"6":0,"7":1,"8":0,"9":0,"10":0,"11":0,"12":0,"13":0,"14":0,"15":0,"16":0,"17":1,"18":0,"19":0,"20":0,"21":0,"22":0,"23":0,"24":0,"25":0,"26":0,"27":0,"28":0,"29":0,"30":1,"31":0,"32":0,"33":0,"34":0,"35":0,"36":0,"37":0,"38":0,"39":0,"40":0,"41":0,"42":1,"43":0,"44":0,"45":0,"46":1,"47":0,"48":0,"49":0,"50":0,"51":0,"52":0,"53":0,"54":0,"55":0,"56":0,"57":1,"58":1,"59":0,"60":0,"61":0,"62":0,"63":0,"64":0,"65":0,"66":0,"67":0,"68":0,"69":0,"70":0,"71":0,"72":0,"73":0,"74":0,"75":0,"76":0,"77":1,"78":0,"79":0,"80":0,"81":1,"82":0,"83":0,"84":0,"85":0,"86":0,"87":0,"88":0,"89":1,"90":0},"f":{"0":0,"1":0,"2":0,"3":0,"4":0,"5":0,"6":0,"7":0,"8":0,"9":0,"10":0,"11":0,"12":0,"13":0},"b":{"0":[0,0],"1":[0,0,0,0],"2":[0,0],"3":[0,0],"4":[0,0],"5":[0,0],"6":[0,0],"7":[0,0],"8":[0,0,0,0],"9":[0,0],"10":[0,0],"11":[0,0],"12":[0,0],"13":[0,0,0]},"_coverageSchema":"1a1c01bbd47fc00a2c39e90264f33305004495a9","hash":"3a9d137ccf45fb539d6a00df25bee016588650f2"}
}
